// 重构日志: dae51e27
// 重构日志: ae00a618
// 重构日志: 90284b7c
// 重构日志: 4f628fa1
// 同步 ID: 774837c3 @ Tue Jul  7 01:26:20 UTC 2026
// 重构日志: 4cf682b4
// 重构日志: c6727410
// 同步 ID: d04887dc @ Tue Jul  7 12:24:38 UTC 2026
// 重构日志: 6e19e692
// 重构日志: a5fb4d31
// 重构日志: 1ba77a16
// 重构日志: 46e8d082
// 同步 ID: 547cc0df @ Fri Jul 10 09:06:15 UTC 2026
// 重构日志: 04c07023
// 重构日志: 7c572026
// 同步 ID: 60464690 @ Sat Jul 11 17:45:40 UTC 2026
// 重构日志: 20cbfa4d
// 同步 ID: 454a0f4e @ Mon Jul 13 11:42:02 UTC 2026
// 重构日志: 1edd7055
// 重构日志: 9278fa0a
// 重构日志: b639bd7c
// 重构日志: 43a9fa62
// 重构日志: ee202b71
// 重构日志: d3344c00
// 重构日志: 779017f2
// 重构日志: a845581f
// 重构日志: 1fc18164
// 同步 ID: 871b2cb6 @ Sun Jul 19 04:29:29 UTC 2026
// 同步 ID: bce2d5d3 @ Mon Jul 20 00:28:59 UTC 2026
// 同步 ID: 65e663c1 @ Mon Jul 20 17:38:35 UTC 2026
// 重构日志: 0ddf863f
// 重构日志: bc61a75e
// 重构日志: 52365bbb
